<?xml version="1.0" encoding="UTF-8"?>
<testng-results ignored="0" total="4" passed="4" failed="0" skipped="0">
  <reporter-output>
  </reporter-output>
  <suite started-at="2022-11-04T09:41:38 IST" name="Suite" finished-at="2022-11-04T09:42:11 IST" duration-ms="32585">
    <groups>
    </groups>
    <test started-at="2022-11-04T09:41:38 IST" name="Test" finished-at="2022-11-04T09:42:11 IST" duration-ms="32585">
      <class name="Batch1Test.LaunchFBUsingTestNg">
        <test-method is-config="true" signature="launchBrowser()[pri:0, instance:Batch1Test.LaunchFBUsingTestNg@593aaf41]" started-at="2022-11-04T09:41:39 IST" name="launchBrowser" finished-at="2022-11-04T09:41:54 IST" duration-ms="15878" status="PASS">
          <reporter-output>
          </reporter-output>
        </test-method> <!-- launchBrowser -->
        <test-method signature="enterUserAndPassName()[pri:0, instance:Batch1Test.LaunchFBUsingTestNg@593aaf41]" started-at="2022-11-04T09:41:54 IST" name="enterUserAndPassName" finished-at="2022-11-04T09:41:55 IST" duration-ms="295" status="PASS">
          <reporter-output>
          </reporter-output>
        </test-method> <!-- enterUserAndPassName -->
        <test-method is-config="true" signature="closeBrowser()[pri:0, instance:Batch1Test.LaunchFBUsingTestNg@593aaf41]" started-at="2022-11-04T09:41:55 IST" name="closeBrowser" finished-at="2022-11-04T09:42:11 IST" duration-ms="16283" status="PASS">
          <reporter-output>
          </reporter-output>
        </test-method> <!-- closeBrowser -->
      </class> <!-- Batch1Test.LaunchFBUsingTestNg -->
      <class name="Batch1Test.SecondTestNGClass">
        <test-method signature="ndMethod()[pri:0, instance:Batch1Test.SecondTestNGClass@54bff557]" started-at="2022-11-04T09:41:39 IST" name="ndMethod" finished-at="2022-11-04T09:41:39 IST" duration-ms="3" status="PASS">
          <reporter-output>
          </reporter-output>
        </test-method> <!-- ndMethod -->
      </class> <!-- Batch1Test.SecondTestNGClass -->
      <class name="Batch1Test.FirstTsetNGAnnotation">
        <test-method is-config="true" signature="beforeClass()[pri:0, instance:Batch1Test.FirstTsetNGAnnotation@e15b7e8]" started-at="2022-11-04T09:41:39 IST" name="beforeClass" finished-at="2022-11-04T09:41:39 IST" duration-ms="18" status="PASS">
          <reporter-output>
          </reporter-output>
        </test-method> <!-- beforeClass -->
        <test-method is-config="true" signature="beforeMethod()[pri:0, instance:Batch1Test.FirstTsetNGAnnotation@e15b7e8]" started-at="2022-11-04T09:41:39 IST" name="beforeMethod" finished-at="2022-11-04T09:41:39 IST" duration-ms="1" status="PASS">
          <reporter-output>
          </reporter-output>
        </test-method> <!-- beforeMethod -->
        <test-method signature="firstTSNGM()[pri:0, instance:Batch1Test.FirstTsetNGAnnotation@e15b7e8]" started-at="2022-11-04T09:41:39 IST" name="firstTSNGM" finished-at="2022-11-04T09:41:39 IST" duration-ms="12" status="PASS">
          <reporter-output>
          </reporter-output>
        </test-method> <!-- firstTSNGM -->
        <test-method is-config="true" signature="afterMethod()[pri:0, instance:Batch1Test.FirstTsetNGAnnotation@e15b7e8]" started-at="2022-11-04T09:41:39 IST" name="afterMethod" finished-at="2022-11-04T09:41:39 IST" duration-ms="1" status="PASS">
          <reporter-output>
          </reporter-output>
        </test-method> <!-- afterMethod -->
        <test-method is-config="true" signature="beforeMethod()[pri:0, instance:Batch1Test.FirstTsetNGAnnotation@e15b7e8]" started-at="2022-11-04T09:41:39 IST" name="beforeMethod" finished-at="2022-11-04T09:41:39 IST" duration-ms="0" status="PASS">
          <reporter-output>
          </reporter-output>
        </test-method> <!-- beforeMethod -->
        <test-method signature="secondTSNGM()[pri:0, instance:Batch1Test.FirstTsetNGAnnotation@e15b7e8]" started-at="2022-11-04T09:41:39 IST" name="secondTSNGM" finished-at="2022-11-04T09:41:39 IST" duration-ms="2" status="PASS">
          <reporter-output>
          </reporter-output>
        </test-method> <!-- secondTSNGM -->
        <test-method is-config="true" signature="afterMethod()[pri:0, instance:Batch1Test.FirstTsetNGAnnotation@e15b7e8]" started-at="2022-11-04T09:41:39 IST" name="afterMethod" finished-at="2022-11-04T09:41:39 IST" duration-ms="0" status="PASS">
          <reporter-output>
          </reporter-output>
        </test-method> <!-- afterMethod -->
        <test-method is-config="true" signature="afterClass()[pri:0, instance:Batch1Test.FirstTsetNGAnnotation@e15b7e8]" started-at="2022-11-04T09:41:39 IST" name="afterClass" finished-at="2022-11-04T09:41:39 IST" duration-ms="2" status="PASS">
          <reporter-output>
          </reporter-output>
        </test-method> <!-- afterClass -->
      </class> <!-- Batch1Test.FirstTsetNGAnnotation -->
    </test> <!-- Test -->
  </suite> <!-- Suite -->
</testng-results>
