<?xml version="1.0" encoding="UTF-8"?>
<!-- Generated by org.testng.reporters.JUnitXMLReporter -->
<testsuite ignored="0" hostname="IBM-PF3F1CN9" failures="0" tests="4" name="Test" time="32.585" errors="0" timestamp="2022-11-04T09:42:11 IST">
  <testcase classname="Batch1Test.FirstTsetNGAnnotation" name="firstTSNGM" time="0.012"/>
  <testcase classname="Batch1Test.FirstTsetNGAnnotation" name="secondTSNGM" time="0.002"/>
  <testcase classname="Batch1Test.SecondTestNGClass" name="ndMethod" time="0.003"/>
  <testcase classname="Batch1Test.LaunchFBUsingTestNg" name="enterUserAndPassName" time="0.295"/>
</testsuite> <!-- Test -->
